<?xml version="1.0" encoding="UTF-8"?>
<!-- Generated by org.testng.reporters.JUnitReportReporter -->
<testsuite hostname="DESKTOP-QS4G89T" failures="0" tests="2" name="com.juaracoding.apitest.runners.Runner" time="3.397" errors="0" timestamp="2025-06-05T21:21:43 ICT" skipped="0">
  <testcase classname="com.juaracoding.apitest.runners.Runner" name="runScenario" time="3.189"/>
  <testcase classname="com.juaracoding.apitest.runners.Runner" name="runScenario" time="0.208"/>
</testsuite> <!-- com.juaracoding.apitest.runners.Runner -->
